<?xml version="1.0" encoding="UTF-8"?>
<!-- Generated by org.testng.reporters.JUnitXMLReporter -->
<testsuite hostname="WidasVenkatesh" ignored="0" name="Test" tests="13" failures="2" timestamp="03 Nov 2017 08:11:26 GMT" time="455.235" errors="0">
  <testcase name="UpdateFleet1" time="29.036" classname="com.crm.qa.testcases.UpdateFleet"/>
  <testcase name="InviteDriver1" time="49.428" classname="com.crm.qa.testcases.Fleet_InviteDriver"/>
  <testcase name="loginLogout" time="39.327" classname="com.crm.qa.testcases.LoginPageTest"/>
  <testcase name="InviteVehicle1" time="35.029" classname="com.crm.qa.testcases.Invite_Vehicle"/>
  <testcase name="VehicleBooking" time="38.526" classname="com.crm.qa.testcases.UpdateFleet">
    <failure type="org.openqa.selenium.InvalidElementStateException" message="Element is not enabled
Build info: version: &amp;apos;3.5.3&amp;apos;, revision: &amp;apos;a88d25fe6b&amp;apos;, time: &amp;apos;2017-08-29T12:42:44.417Z&amp;apos;
System info: host: &amp;apos;WIDASVENKATESH&amp;apos;, ip: &amp;apos;192.168.5.207&amp;apos;, os.name: &amp;apos;Windows 10&amp;apos;, os.arch: &amp;apos;amd64&amp;apos;, os.version: &amp;apos;10.0&amp;apos;, java.version: &amp;apos;1.8.0_144&amp;apos;
Driver info: org.openqa.selenium.firefox.FirefoxDriver
Capabilities [{moz:profile=C:\Users\Venkatesh\AppData\Local\Temp\rust_mozprofile.UuaEhFE2q2yz, rotatable=false, timeouts={implicit=0, pageLoad=300000, script=30000}, pageLoadStrategy=normal, moz:headless=false, platform=XP, specificationLevel=0, moz:accessibilityChecks=false, acceptInsecureCerts=false, browserVersion=56.0.2, platformVersion=10.0, moz:processID=4308, browserName=firefox, javascriptEnabled=true, platformName=XP}]
Session ID: 240a1652-dc12-453b-947b-cc69229850ba">
      <![CDATA[org.openqa.selenium.InvalidElementStateException: Element is not enabled
Build info: version: '3.5.3', revision: 'a88d25fe6b', time: '2017-08-29T12:42:44.417Z'
System info: host: 'WIDASVENKATESH', ip: '192.168.5.207', os.name: 'Windows 10', os.arch: 'amd64', os.version: '10.0', java.version: '1.8.0_144'
Driver info: org.openqa.selenium.firefox.FirefoxDriver
Capabilities [{moz:profile=C:\Users\Venkatesh\AppData\Local\Temp\rust_mozprofile.UuaEhFE2q2yz, rotatable=false, timeouts={implicit=0, pageLoad=300000, script=30000}, pageLoadStrategy=normal, moz:headless=false, platform=XP, specificationLevel=0, moz:accessibilityChecks=false, acceptInsecureCerts=false, browserVersion=56.0.2, platformVersion=10.0, moz:processID=4308, browserName=firefox, javascriptEnabled=true, platformName=XP}]
Session ID: 240a1652-dc12-453b-947b-cc69229850ba
	at org.openqa.selenium.remote.http.W3CHttpResponseCodec.createException(W3CHttpResponseCodec.java:185)
	at org.openqa.selenium.remote.http.W3CHttpResponseCodec.decode(W3CHttpResponseCodec.java:120)
	at org.openqa.selenium.remote.http.W3CHttpResponseCodec.decode(W3CHttpResponseCodec.java:49)
	at org.openqa.selenium.remote.HttpCommandExecutor.execute(HttpCommandExecutor.java:164)
	at org.openqa.selenium.remote.service.DriverCommandExecutor.execute(DriverCommandExecutor.java:82)
	at org.openqa.selenium.remote.RemoteWebDriver.execute(RemoteWebDriver.java:646)
	at org.openqa.selenium.remote.RemoteWebElement.execute(RemoteWebElement.java:275)
	at org.openqa.selenium.remote.RemoteWebElement.click(RemoteWebElement.java:82)
	at com.crm.qa.testcases.UpdateFleet.VehicleBooking(UpdateFleet.java:66)
... Removed 29 stack frames]]>
    </failure>
  </testcase> <!-- VehicleBooking -->
  <testcase name="InviteDriver2" time="0.458" classname="com.crm.qa.testcases.Fleet_InviteDriver">
    <failure type="org.openqa.selenium.InvalidElementStateException" message="Element is not enabled
Build info: version: &amp;apos;3.5.3&amp;apos;, revision: &amp;apos;a88d25fe6b&amp;apos;, time: &amp;apos;2017-08-29T12:42:44.417Z&amp;apos;
System info: host: &amp;apos;WIDASVENKATESH&amp;apos;, ip: &amp;apos;192.168.5.207&amp;apos;, os.name: &amp;apos;Windows 10&amp;apos;, os.arch: &amp;apos;amd64&amp;apos;, os.version: &amp;apos;10.0&amp;apos;, java.version: &amp;apos;1.8.0_144&amp;apos;
Driver info: org.openqa.selenium.firefox.FirefoxDriver
Capabilities [{moz:profile=C:\Users\Venkatesh\AppData\Local\Temp\rust_mozprofile.Zmt7BYUEatpv, rotatable=false, timeouts={implicit=0, pageLoad=300000, script=30000}, pageLoadStrategy=normal, moz:headless=false, platform=XP, specificationLevel=0, moz:accessibilityChecks=false, acceptInsecureCerts=false, browserVersion=56.0.2, platformVersion=10.0, moz:processID=9788, browserName=firefox, javascriptEnabled=true, platformName=XP}]
Session ID: 15ce319d-6ff6-4b19-9953-0b24590c5192">
      <![CDATA[org.openqa.selenium.InvalidElementStateException: Element is not enabled
Build info: version: '3.5.3', revision: 'a88d25fe6b', time: '2017-08-29T12:42:44.417Z'
System info: host: 'WIDASVENKATESH', ip: '192.168.5.207', os.name: 'Windows 10', os.arch: 'amd64', os.version: '10.0', java.version: '1.8.0_144'
Driver info: org.openqa.selenium.firefox.FirefoxDriver
Capabilities [{moz:profile=C:\Users\Venkatesh\AppData\Local\Temp\rust_mozprofile.Zmt7BYUEatpv, rotatable=false, timeouts={implicit=0, pageLoad=300000, script=30000}, pageLoadStrategy=normal, moz:headless=false, platform=XP, specificationLevel=0, moz:accessibilityChecks=false, acceptInsecureCerts=false, browserVersion=56.0.2, platformVersion=10.0, moz:processID=9788, browserName=firefox, javascriptEnabled=true, platformName=XP}]
Session ID: 15ce319d-6ff6-4b19-9953-0b24590c5192
	at org.openqa.selenium.remote.http.W3CHttpResponseCodec.createException(W3CHttpResponseCodec.java:185)
	at org.openqa.selenium.remote.http.W3CHttpResponseCodec.decode(W3CHttpResponseCodec.java:120)
	at org.openqa.selenium.remote.http.W3CHttpResponseCodec.decode(W3CHttpResponseCodec.java:49)
	at org.openqa.selenium.remote.HttpCommandExecutor.execute(HttpCommandExecutor.java:164)
	at org.openqa.selenium.remote.service.DriverCommandExecutor.execute(DriverCommandExecutor.java:82)
	at org.openqa.selenium.remote.RemoteWebDriver.execute(RemoteWebDriver.java:646)
	at org.openqa.selenium.remote.RemoteWebElement.execute(RemoteWebElement.java:275)
	at org.openqa.selenium.remote.RemoteWebElement.click(RemoteWebElement.java:82)
	at com.crm.qa.testcases.Fleet_InviteDriver.InviteDriver2(Fleet_InviteDriver.java:60)
... Removed 29 stack frames]]>
    </failure>
  </testcase> <!-- InviteDriver2 -->
  <testcase name="loginLogoutvalidation" time="1.452" classname="com.crm.qa.testcases.LoginPageTest"/>
  <testcase name="InviteVehicle2" time="38.542" classname="com.crm.qa.testcases.Invite_Vehicle"/>
  <testcase name="loginLogoutvalidation1" time="6.01" classname="com.crm.qa.testcases.LoginPageTest"/>
  <testcase name="loginLogoutvalidation2" time="5.994" classname="com.crm.qa.testcases.LoginPageTest"/>
  <testcase name="forgotpassword" time="6.303" classname="com.crm.qa.testcases.LoginPageTest"/>
  <testcase name="forgotpasswordVal1" time="6.3" classname="com.crm.qa.testcases.LoginPageTest"/>
  <testcase name="forgotpasswordVal2" time="6.056" classname="com.crm.qa.testcases.LoginPageTest"/>
</testsuite> <!-- Test -->
