<?xml version="1.0" encoding="UTF-8"?>
<!-- Generated by org.testng.reporters.JUnitXMLReporter -->
<testsuite hostname="WidasVenkatesh" ignored="0" name="Default test" tests="4" failures="0" timestamp="26 Oct 2017 10:34:21 GMT" time="125.094" errors="0">
  <testcase name="loginLogout" time="20.661" classname="com.crm.qa.testcases.LoginPageTest"/>
  <testcase name="loginLogoutvalidation" time="3.66" classname="com.crm.qa.testcases.LoginPageTest"/>
  <testcase name="loginLogoutvalidation1" time="9.265" classname="com.crm.qa.testcases.LoginPageTest"/>
  <testcase name="loginLogoutvalidation2" time="9.924" classname="com.crm.qa.testcases.LoginPageTest"/>
</testsuite> <!-- Default test -->
